<?xml version="1.0" encoding="UTF-8"?>
<testng-results ignored="0" total="1" passed="1" failed="0" skipped="0">
  <reporter-output>
  </reporter-output>
  <suite started-at="2023-07-08T03:33:36 IST" name="Suite" finished-at="2023-07-08T03:33:49 IST" duration-ms="13477">
    <groups>
    </groups>
    <test started-at="2023-07-08T03:33:36 IST" name="Test" finished-at="2023-07-08T03:33:49 IST" duration-ms="13477">
      <class name="com.inetBankingV1.testLayer.TC_LoginTest_001">
        <test-method is-config="true" signature="setup()[pri:0, instance:com.inetBankingV1.testLayer.TC_LoginTest_001@5c5eefef]" started-at="2023-07-08T03:33:36 IST" name="setup" finished-at="2023-07-08T03:33:46 IST" duration-ms="9801" status="PASS">
          <reporter-output>
          </reporter-output>
        </test-method> <!-- setup -->
        <test-method signature="loginTest()[pri:0, instance:com.inetBankingV1.testLayer.TC_LoginTest_001@5c5eefef]" started-at="2023-07-08T03:33:46 IST" name="loginTest" finished-at="2023-07-08T03:33:47 IST" duration-ms="1517" status="PASS">
          <reporter-output>
          </reporter-output>
        </test-method> <!-- loginTest -->
        <test-method is-config="true" signature="tearDown()[pri:0, instance:com.inetBankingV1.testLayer.TC_LoginTest_001@5c5eefef]" started-at="2023-07-08T03:33:47 IST" name="tearDown" finished-at="2023-07-08T03:33:49 IST" duration-ms="2116" status="PASS">
          <reporter-output>
          </reporter-output>
        </test-method> <!-- tearDown -->
      </class> <!-- com.inetBankingV1.testLayer.TC_LoginTest_001 -->
    </test> <!-- Test -->
  </suite> <!-- Suite -->
</testng-results>
