<?xml version="1.0" encoding="UTF-8"?>
<testng-results ignored="0" total="1" passed="1" failed="0" skipped="0">
  <reporter-output>
  </reporter-output>
  <suite started-at="2023-07-06T23:42:42 IST" name="Suite" finished-at="2023-07-06T23:43:02 IST" duration-ms="19894">
    <groups>
    </groups>
    <test started-at="2023-07-06T23:42:42 IST" name="Test" finished-at="2023-07-06T23:43:02 IST" duration-ms="19894">
      <class name="com.inetBankingV1.testLayer.TC_LoginTest_001">
        <test-method signature="loginTest()[pri:0, instance:com.inetBankingV1.testLayer.TC_LoginTest_001@7fa98a66]" started-at="2023-07-06T23:42:42 IST" name="loginTest" finished-at="2023-07-06T23:43:02 IST" duration-ms="19847" status="PASS">
          <reporter-output>
          </reporter-output>
        </test-method> <!-- loginTest -->
      </class> <!-- com.inetBankingV1.testLayer.TC_LoginTest_001 -->
    </test> <!-- Test -->
  </suite> <!-- Suite -->
</testng-results>
