<?xml version="1.0" encoding="UTF-8"?>
<testng-results ignored="0" total="1" passed="1" failed="0" skipped="0">
  <reporter-output>
  </reporter-output>
  <suite started-at="2023-07-08T03:45:54 IST" name="Default suite" finished-at="2023-07-08T03:46:08 IST" duration-ms="14212">
    <groups>
    </groups>
    <test started-at="2023-07-08T03:45:54 IST" name="Default test" finished-at="2023-07-08T03:46:08 IST" duration-ms="14212">
      <class name="com.inetBankingV1.testLayer.TC_LoginTest_001">
        <test-method is-config="true" signature="setup()[pri:0, instance:com.inetBankingV1.testLayer.TC_LoginTest_001@5aa9e4eb]" started-at="2023-07-08T03:45:54 IST" name="setup" finished-at="2023-07-08T03:46:04 IST" duration-ms="10512" status="PASS">
          <reporter-output>
          </reporter-output>
        </test-method> <!-- setup -->
        <test-method signature="loginTest()[pri:0, instance:com.inetBankingV1.testLayer.TC_LoginTest_001@5aa9e4eb]" started-at="2023-07-08T03:46:04 IST" name="loginTest" finished-at="2023-07-08T03:46:06 IST" duration-ms="1468" status="PASS">
          <reporter-output>
          </reporter-output>
        </test-method> <!-- loginTest -->
        <test-method is-config="true" signature="tearDown()[pri:0, instance:com.inetBankingV1.testLayer.TC_LoginTest_001@5aa9e4eb]" started-at="2023-07-08T03:46:06 IST" name="tearDown" finished-at="2023-07-08T03:46:08 IST" duration-ms="2194" status="PASS">
          <reporter-output>
          </reporter-output>
        </test-method> <!-- tearDown -->
      </class> <!-- com.inetBankingV1.testLayer.TC_LoginTest_001 -->
    </test> <!-- Default test -->
  </suite> <!-- Default suite -->
</testng-results>
